<?xml version="1.0" encoding="UTF-8"?>
<!DOCTYPE coverage SYSTEM "http://cobertura.sourceforge.net/xml/coverage-04.dtd">
<coverage line-rate="0.6142678" branch-rate="0" lines-covered="2454" lines-valid="3995" branches-covered="0" branches-valid="0" complexity="0" version="" timestamp="1659567652984">
	<packages>
		<package name="github.com/Azure/application-gateway-kubernetes-ingress/cmd/appgw-ingress" line-rate="0.13986014" branch-rate="0" complexity="0" line-count="143" line-hits="20">
			<classes>
				<class name="-" filename="cmd/appgw-ingress/main.go" line-rate="0" branch-rate="0" complexity="0" line-count="97" line-hits="0">
					<methods>
						<method name="main" signature="" line-rate="0" branch-rate="0" complexity="0" line-count="0" line-hits="0">
							<lines>
								<line number="65" hits="0"></line>
								<line number="66" hits="0"></line>
								<line number="67" hits="0"></line>
								<line number="68" hits="0"></line>
								<line number="71" hits="0"></line>
								<line number="72" hits="0"></line>
								<line number="73" hits="0"></line>
								<line number="74" hits="0"></line>
								<line number="79" hits="0"></line>
								<line number="80" hits="0"></line>
								<line number="81" hits="0"></line>
								<line number="84" hits="0"></line>
								<line number="88" hits="0"></line>
								<line number="89" hits="0"></line>
								<line number="90" hits="0"></line>
								<line number="92" hits="0"></line>
								<line number="93" hits="0"></line>
								<line number="94" hits="0"></line>
								<line number="95" hits="0"></line>
								<line number="96" hits="0"></line>
								<line number="97" hits="0"></line>
								<line number="98" hits="0"></line>
								<line number="99" hits="0"></line>
								<line number="100" hits="0"></line>
								<line number="101" hits="0"></line>
								<line number="102" hits="0"></line>
								<line number="103" hits="0"></line>
								<line number="104" hits="0"></line>
								<line number="106" hits="0"></line>
								<line number="107" hits="0"></line>
								<line number="108" hits="0"></line>
								<line number="109" hits="0"></line>
								<line number="111" hits="0"></line>
								<line number="114" hits="0"></line>
								<line number="115" hits="0"></line>
								<line number="116" hits="0"></line>
								<line number="118" hits="0"></line>
								<line number="120" hits="0"></line>
								<line number="121" hits="0"></line>
								<line number="128" hits="0"></line>
								<line number="131" hits="0"></line>
								<line number="135" hits="0"></line>
								<line number="137" hits="0"></line>
								<line number="139" hits="0"></line>
								<line number="140" hits="0"></line>
								<line number="141" hits="0"></line>
								<line number="142" hits="0"></line>
								<line number="143" hits="0"></line>
								<line number="145" hits="0"></line>
								<line number="147" hits="0"></line>
								<line number="154" hits="0"></line>
								<line number="155" hits="0"></line>
								<line number="156" hits="0"></line>
								<line number="157" hits="0"></line>
								<line number="158" hits="0"></line>
								<line number="159" hits="0"></line>
								<line number="160" hits="0"></line>
								<line number="163" hits="0"></line>
								<line number="164" hits="0"></line>
								<line number="165" hits="0"></line>
								<line number="166" hits="0"></line>
								<line number="168" hits="0"></line>
								<line number="171" hits="0"></line>
								<line number="172" hits="0"></line>
								<line number="173" hits="0"></line>
								<line number="175" hits="0"></line>
								<line number="180" hits="0"></line>
								<line number="181" hits="0"></line>
								<line number="183" hits="0"></line>
								<line number="184" hits="0"></line>
								<line number="186" hits="0"></line>
								<line number="190" hits="0"></line>
								<line number="191" hits="0"></line>
								<line number="192" hits="0"></line>
								<line number="195" hits="0"></line>
								<line number="196" hits="0"></line>
								<line number="197" hits="0"></line>
								<line number="198" hits="0"></line>
								<line number="201" hits="0"></line>
								<line number="202" hits="0"></line>
								<line number="206" hits="0"></line>
								<line number="207" hits="0"></line>
								<line number="208" hits="0"></line>
								<line number="210" hits="0"></line>
								<line number="211" hits="0"></line>
								<line number="212" hits="0"></line>
								<line number="219" hits="0"></line>
								<line number="220" hits="0"></line>
								<line number="221" hits="0"></line>
								<line number="222" hits="0"></line>
								<line number="224" hits="0"></line>
								<line number="227" hits="0"></line>
								<line number="228" hits="0"></line>
								<line number="229" hits="0"></line>
								<line number="231" hits="0"></line>
								<line number="232" hits="0"></line>
								<line number="233" hits="0"></line>
							</lines>
						</method>
					</methods>
					<lines>
						<line number="65" hits="0"></line>
						<line number="66" hits="0"></line>
						<line number="67" hits="0"></line>
						<line number="68" hits="0"></line>
						<line number="71" hits="0"></line>
						<line number="72" hits="0"></line>
						<line number="73" hits="0"></line>
						<line number="74" hits="0"></line>
						<line number="79" hits="0"></line>
						<line number="80" hits="0"></line>
						<line number="81" hits="0"></line>
						<line number="84" hits="0"></line>
						<line number="88" hits="0"></line>
						<line number="89" hits="0"></line>
						<line number="90" hits="0"></line>
						<line number="92" hits="0"></line>
						<line number="93" hits="0"></line>
						<line number="94" hits="0"></line>
						<line number="95" hits="0"></line>
						<line number="96" hits="0"></line>
						<line number="97" hits="0"></line>
						<line number="98" hits="0"></line>
						<line number="99" hits="0"></line>
						<line number="100" hits="0"></line>
						<line number="101" hits="0"></line>
						<line number="102" hits="0"></line>
						<line number="103" hits="0"></line>
						<line number="104" hits="0"></line>
						<line number="106" hits="0"></line>
						<line number="107" hits="0"></line>
						<line number="108" hits="0"></line>
						<line number="109" hits="0"></line>
						<line number="111" hits="0"></line>
						<line number="114" hits="0"></line>
						<line number="115" hits="0"></line>
						<line number="116" hits="0"></line>
						<line number="118" hits="0"></line>
						<line number="120" hits="0"></line>
						<line number="121" hits="0"></line>
						<line number="128" hits="0"></line>
						<line number="131" hits="0"></line>
						<line number="135" hits="0"></line>
						<line number="137" hits="0"></line>
						<line number="139" hits="0"></line>
						<line number="140" hits="0"></line>
						<line number="141" hits="0"></line>
						<line number="142" hits="0"></line>
						<line number="143" hits="0"></line>
						<line number="145" hits="0"></line>
						<line number="147" hits="0"></line>
						<line number="154" hits="0"></line>
						<line number="155" hits="0"></line>
						<line number="156" hits="0"></line>
						<line number="157" hits="0"></line>
						<line number="158" hits="0"></line>
						<line number="159" hits="0"></line>
						<line number="160" hits="0"></line>
						<line number="163" hits="0"></line>
						<line number="164" hits="0"></line>
						<line number="165" hits="0"></line>
						<line number="166" hits="0"></line>
						<line number="168" hits="0"></line>
						<line number="171" hits="0"></line>
						<line number="172" hits="0"></line>
						<line number="173" hits="0"></line>
						<line number="175" hits="0"></line>
						<line number="180" hits="0"></line>
						<line number="181" hits="0"></line>
						<line number="183" hits="0"></line>
						<line number="184" hits="0"></line>
						<line number="186" hits="0"></line>
						<line number="190" hits="0"></line>
						<line number="191" hits="0"></line>
						<line number="192" hits="0"></line>
						<line number="195" hits="0"></line>
						<line number="196" hits="0"></line>
						<line number="197" hits="0"></line>
						<line number="198" hits="0"></line>
						<line number="201" hits="0"></line>
						<line number="202" hits="0"></line>
						<line number="206" hits="0"></line>
						<line number="207" hits="0"></line>
						<line number="208" hits="0"></line>
						<line number="210" hits="0"></line>
						<line number="211" hits="0"></line>
						<line number="212" hits="0"></line>
						<line number="219" hits="0"></line>
						<line number="220" hits="0"></line>
						<line number="221" hits="0"></line>
						<line number="222" hits="0"></line>
						<line number="224" hits="0"></line>
						<line number="227" hits="0"></line>
						<line number="228" hits="0"></line>
						<line number="229" hits="0"></line>
						<line number="231" hits="0"></line>
						<line number="232" hits="0"></line>
						<line number="233" hits="0"></line>
					</lines>
				</class>
				<class name="-" filename="cmd/appgw-ingress/utils.go" line-rate="0.4347826" branch-rate="0" complexity="0" line-count="46" line-hits="20">
					<methods>
						<method name="validateNamespaces" signature="" line-rate="0.44444445" branch-rate="0" complexity="0" line-count="0" line-hits="0">
							<lines>
								<line number="31" hits="1"></line>
								<line number="32" hits="1"></line>
								<line number="33" hits="0"></line>
								<line number="34" hits="0"></line>
								<line number="37" hits="1"></line>
								<line number="38" hits="0"></line>
								<line number="42" hits="0"></line>
								<line number="43" hits="0"></line>
								<line number="45" hits="1"></line>
							</lines>
						</method>
						<method name="getNamespacesToWatch" signature="" line-rate="1" branch-rate="0" complexity="0" line-count="0" line-hits="0">
							<lines>
								<line number="51" hits="6"></line>
								<line number="52" hits="2"></line>
								<line number="57" hits="4"></line>
								<line number="58" hits="2"></line>
								<line number="59" hits="2"></line>
								<line number="60" hits="5"></line>
								<line number="61" hits="5"></line>
								<line number="64" hits="2"></line>
								<line number="65" hits="2"></line>
								<line number="67" hits="2"></line>
							</lines>
						</method>
						<method name="getKubeClientConfig" signature="" line-rate="0" branch-rate="0" complexity="0" line-count="0" line-hits="0">
							<lines>
								<line number="71" hits="0"></line>
								<line number="72" hits="0"></line>
								<line number="73" hits="0"></line>
								<line number="74" hits="0"></line>
								<line number="76" hits="0"></line>
								<line number="80" hits="0"></line>
								<line number="81" hits="0"></line>
								<line number="82" hits="0"></line>
								<line number="85" hits="0"></line>
							</lines>
						</method>
						<method name="getEventRecorder" signature="" line-rate="0" branch-rate="0" complexity="0" line-count="0" line-hits="0">
							<lines>
								<line number="89" hits="0"></line>
								<line number="90" hits="0"></line>
								<line number="91" hits="0"></line>
								<line number="92" hits="0"></line>
								<line number="93" hits="0"></line>
								<line number="94" hits="0"></line>
								<line number="95" hits="0"></line>
								<line number="96" hits="0"></line>
								<line number="98" hits="0"></line>
								<line number="103" hits="0"></line>
								<line number="104" hits="0"></line>
								<line number="105" hits="0"></line>
							</lines>
						</method>
						<method name="getVerbosity" signature="" line-rate="1" branch-rate="0" complexity="0" line-count="0" line-hits="0">
							<lines>
								<line number="109" hits="2"></line>
								<line number="110" hits="2"></line>
								<line number="111" hits="1"></line>
								<line number="112" hits="1"></line>
								<line number="114" hits="1"></line>
								<line number="115" hits="1"></line>
							</lines>
						</method>
					</methods>
					<lines>
						<line number="31" hits="1"></line>
						<line number="32" hits="1"></line>
						<line number="33" hits="0"></line>
						<line number="34" hits="0"></line>
						<line number="37" hits="1"></line>
						<line number="38" hits="0"></line>
						<line number="42" hits="0"></line>
						<line number="43" hits="0"></line>
						<line number="45" hits="1"></line>
						<line number="51" hits="6"></line>
						<line number="52" hits="2"></line>
						<line number="57" hits="4"></line>
						<line number="58" hits="2"></line>
						<line number="59" hits="2"></line>
						<line number="60" hits="5"></line>
						<line number="61" hits="5"></line>
						<line number="64" hits="2"></line>
						<line number="65" hits="2"></line>
						<line number="67" hits="2"></line>
						<line number="71" hits="0"></line>
						<line number="72" hits="0"></line>
						<line number="73" hits="0"></line>
						<line number="74" hits="0"></line>
						<line number="76" hits="0"></line>
						<line number="80" hits="0"></line>
						<line number="81" hits="0"></line>
						<line number="82" hits="0"></line>
						<line number="85" hits="0"></line>
						<line number="89" hits="0"></line>
						<line number="90" hits="0"></line>
						<line number="91" hits="0"></line>
						<line number="92" hits="0"></line>
						<line number="93" hits="0"></line>
						<line number="94" hits="0"></line>
						<line number="95" hits="0"></line>
						<line number="96" hits="0"></line>
						<line number="98" hits="0"></line>
						<line number="103" hits="0"></line>
						<line number="104" hits="0"></line>
						<line number="105" hits="0"></line>
						<line number="109" hits="2"></line>
						<line number="110" hits="2"></line>
						<line number="111" hits="1"></line>
						<line number="112" hits="1"></line>
						<line number="114" hits="1"></line>
						<line number="115" hits="1"></line>
					</lines>
				</class>
			</classes>
		</package>
		<package name="github.com/Azure/application-gateway-kubernetes-ingress/functional_tests" line-rate="1" branch-rate="0" complexity="0" line-count="28" line-hits="28">
			<classes>
				<class name="-" filename="functional_tests/helpers.go" line-rate="1" branch-rate="0" complexity="0" line-count="28" line-hits="28">
					<methods>
						<method name="check" signature="" line-rate="1" branch-rate="0" complexity="0" line-count="0" line-hits="0">
							<lines>
								<line number="23" hits="19"></line>
								<line number="24" hits="19"></line>
								<line number="26" hits="19"></line>
								<line number="27" hits="19"></line>
								<line number="29" hits="19"></line>
								<line number="30" hits="19"></line>
								<line number="31" hits="4"></line>
								<line number="32" hits="4"></line>
								<line number="37" hits="19"></line>
								<line number="38" hits="19"></line>
								<line number="40" hits="19"></line>
								<line number="41" hits="19"></line>
								<line number="42" hits="19"></line>
								<line number="44" hits="19"></line>
								<line number="45" hits="19"></line>
								<line number="47" hits="19"></line>
								<line number="52" hits="19"></line>
								<line number="53" hits="19"></line>
								<line number="54" hits="19"></line>
								<line number="56" hits="19"></line>
								<line number="57" hits="19"></line>
								<line number="59" hits="19"></line>
								<line number="60" hits="19"></line>
								<line number="62" hits="19"></line>
								<line number="63" hits="5257"></line>
								<line number="64" hits="5257"></line>
								<line number="65" hits="5257"></line>
								<line number="66" hits="5257"></line>
							</lines>
						</method>
					</methods>
					<lines>
						<line number="23" hits="19"></line>
						<line number="24" hits="19"></line>
						<line number="26" hits="19"></line>
						<line number="27" hits="19"></line>
						<line number="29" hits="19"></line>
						<line number="30" hits="19"></line>
						<line number="31" hits="4"></line>
						<line number="32" hits="4"></line>
						<line number="37" hits="19"></line>
						<line number="38" hits="19"></line>
						<line number="40" hits="19"></line>
						<line number="41" hits="19"></line>
						<line number="42" hits="19"></line>
						<line number="44" hits="19"></line>
						<line number="45" hits="19"></line>
						<line number="47" hits="19"></line>
						<line number="52" hits="19"></line>
						<line number="53" hits="19"></line>
						<line number="54" hits="19"></line>
						<line number="56" hits="19"></line>
						<line number="57" hits="19"></line>
						<line number="59" hits="19"></line>
						<line number="60" hits="19"></line>
						<line number="62" hits="19"></line>
						<line number="63" hits="5257"></line>
						<line number="64" hits="5257"></line>
						<line number="65" hits="5257"></line>
						<line number="66" hits="5257"></line>
					</lines>
				</class>
			</classes>
		</package>
		<package name="github.com/Azure/application-gateway-kubernetes-ingress/helm/ingress-azure/tests" line-rate="0.7837838" branch-rate="0" complexity="0" line-count="74" line-hits="58">
			<classes>
				<class name="Snapshot" filename="helm/ingress-azure/tests/snapshots.go" line-rate="0.6666667" branch-rate="0" complexity="0" line-count="12" line-hits="8">
					<methods>
						<method name="Diff" signature="" line-rate="0.6666667" branch-rate="0" complexity="0" line-count="0" line-hits="0">
							<lines>
								<line number="30" hits="3"></line>
								<line number="31" hits="19"></line>
								<line number="32" hits="19"></line>
								<line number="33" hits="0"></line>
								<line number="34" hits="0"></line>
								<line number="37" hits="19"></line>
								<line number="38" hits="19"></line>
								<line number="39" hits="19"></line>
								<line number="42" hits="0"></line>
								<line number="45" hits="3"></line>
								<line number="46" hits="19"></line>
								<line number="47" hits="0"></line>
							</lines>
						</method>
					</methods>
					<lines>
						<line number="30" hits="3"></line>
						<line number="31" hits="19"></line>
						<line number="32" hits="19"></line>
						<line number="33" hits="0"></line>
						<line number="34" hits="0"></line>
						<line number="37" hits="19"></line>
						<line number="38" hits="19"></line>
						<line number="39" hits="19"></line>
						<line number="42" hits="0"></line>
						<line number="45" hits="3"></line>
						<line number="46" hits="19"></line>
						<line number="47" hits="0"></line>
					</lines>
				</class>
				<class name="-" filename="helm/ingress-azure/tests/snapshots.go" line-rate="0.8196721" branch-rate="0" complexity="0" line-count="61" line-hits="50">
					<methods>
						<method name="RenderChart" signature="" line-rate="0.8" branch-rate="0" complexity="0" line-count="0" line-hits="0">
							<lines>
								<line number="54" hits="3"></line>
								<line number="55" hits="3"></line>
								<line number="56" hits="0"></line>
								<line number="59" hits="3"></line>
								<line number="60" hits="3"></line>
								<line number="61" hits="3"></line>
								<line number="63" hits="3"></line>
								<line number="64" hits="3"></line>
								<line number="65" hits="0"></line>
								<line number="71" hits="3"></line>
							</lines>
						</method>
						<method name="CaptureSnapshot" signature="" line-rate="0.71428573" branch-rate="0" complexity="0" line-count="0" line-hits="0">
							<lines>
								<line number="76" hits="3"></line>
								<line number="77" hits="3"></line>
								<line number="78" hits="0"></line>
								<line number="81" hits="3"></line>
								<line number="88" hits="3"></line>
								<line number="89" hits="0"></line>
								<line number="92" hits="3"></line>
							</lines>
						</method>
						<method name="@81:8" signature="" line-rate="0.6666667" branch-rate="0" complexity="0" line-count="0" line-hits="0">
							<lines>
								<line number="82" hits="3"></line>
								<line number="83" hits="3"></line>
								<line number="84" hits="0"></line>
							</lines>
						</method>
						<method name="LoadSnapshot" signature="" line-rate="0.8" branch-rate="0" complexity="0" line-count="0" line-hits="0">
							<lines>
								<line number="98" hits="6"></line>
								<line number="101" hits="6"></line>
								<line number="131" hits="6"></line>
								<line number="132" hits="0"></line>
								<line number="135" hits="6"></line>
							</lines>
						</method>
						<method name="@101:28" signature="" line-rate="0.84210527" branch-rate="0" complexity="0" line-count="0" line-hits="0">
							<lines>
								<line number="102" hits="56"></line>
								<line number="103" hits="0"></line>
								<line number="105" hits="56"></line>
								<line number="106" hits="18"></line>
								<line number="109" hits="38"></line>
								<line number="110" hits="38"></line>
								<line number="111" hits="0"></line>
								<line number="113" hits="38"></line>
								<line number="114" hits="38"></line>
								<line number="116" hits="38"></line>
								<line number="117" hits="38"></line>
								<line number="118" hits="76"></line>
								<line number="119" hits="76"></line>
								<line number="120" hits="76"></line>
								<line number="121" hits="38"></line>
								<line number="123" hits="38"></line>
								<line number="124" hits="0"></line>
								<line number="126" hits="38"></line>
								<line number="129" hits="38"></line>
							</lines>
						</method>
						<method name="StripNonDeterministic" signature="" line-rate="1" branch-rate="0" complexity="0" line-count="0" line-hits="0">
							<lines>
								<line number="140" hits="3"></line>
							</lines>
						</method>
						<method name="@141:3" signature="" line-rate="0.875" branch-rate="0" complexity="0" line-count="0" line-hits="0">
							<lines>
								<line number="142" hits="28"></line>
								<line number="143" hits="0"></line>
								<line number="145" hits="28"></line>
								<line number="146" hits="9"></line>
								<line number="149" hits="19"></line>
								<line number="150" hits="19"></line>
								<line number="151" hits="0"></line>
								<line number="153" hits="19"></line>
								<line number="155" hits="19"></line>
								<line number="156" hits="19"></line>
								<line number="157" hits="19"></line>
								<line number="158" hits="449"></line>
								<line number="159" hits="449"></line>
								<line number="161" hits="3"></line>
								<line number="163" hits="446"></line>
								<line number="166" hits="19"></line>
							</lines>
						</method>
					</methods>
					<lines>
						<line number="54" hits="3"></line>
						<line number="55" hits="3"></line>
						<line number="56" hits="0"></line>
						<line number="59" hits="3"></line>
						<line number="60" hits="3"></line>
						<line number="61" hits="3"></line>
						<line number="63" hits="3"></line>
						<line number="64" hits="3"></line>
						<line number="65" hits="0"></line>
						<line number="71" hits="3"></line>
						<line number="76" hits="3"></line>
						<line number="77" hits="3"></line>
						<line number="78" hits="0"></line>
						<line number="81" hits="3"></line>
						<line number="88" hits="3"></line>
						<line number="89" hits="0"></line>
						<line number="92" hits="3"></line>
						<line number="82" hits="3"></line>
						<line number="83" hits="3"></line>
						<line number="84" hits="0"></line>
						<line number="98" hits="6"></line>
						<line number="101" hits="6"></line>
						<line number="131" hits="6"></line>
						<line number="132" hits="0"></line>
						<line number="135" hits="6"></line>
						<line number="102" hits="56"></line>
						<line number="103" hits="0"></line>
						<line number="105" hits="56"></line>
						<line number="106" hits="18"></line>
						<line number="109" hits="38"></line>
						<line number="110" hits="38"></line>
						<line number="111" hits="0"></line>
						<line number="113" hits="38"></line>
						<line number="114" hits="38"></line>
						<line number="116" hits="38"></line>
						<line number="117" hits="38"></line>
						<line number="118" hits="76"></line>
						<line number="119" hits="76"></line>
						<line number="120" hits="76"></line>
						<line number="121" hits="38"></line>
						<line number="123" hits="38"></line>
						<line number="124" hits="0"></line>
						<line number="126" hits="38"></line>
						<line number="129" hits="38"></line>
						<line number="140" hits="3"></line>
						<line number="142" hits="28"></line>
						<line number="143" hits="0"></line>
						<line number="145" hits="28"></line>
						<line number="146" hits="9"></line>
						<line number="149" hits="19"></line>
						<line number="150" hits="19"></line>
						<line number="151" hits="0"></line>
						<line number="153" hits="19"></line>
						<line number="155" hits="19"></line>
						<line number="156" hits="19"></line>
						<line number="157" hits="19"></line>
						<line number="158" hits="449"></line>
						<line number="159" hits="449"></line>
						<line number="161" hits="3"></line>
						<line number="163" hits="446"></line>
						<line number="166" hits="19"></line>
					</lines>
				</class>
				<class name="HelmError" filename="helm/ingress-azure/tests/snapshots.go" line-rate="0" branch-rate="0" complexity="0" line-count="1" line-hits="0">
					<methods>
						<method name="Error" signature="" line-rate="0" branch-rate="0" complexity="0" line-count="0" line-hits="0">
							<lines>
								<line number="178" hits="0"></line>
							</lines>
						</method>
					</methods>
					<lines>
						<line number="178" hits="0"></line>
					</lines>
				</class>
			</classes>
		</package>
		<package name="github.com/Azure/application-gateway-kubernetes-ingress/pkg/annotations" line-rate="0.8064516" branch-rate="0" complexity="0" line-count="62" line-hits="50">
			<classes>
				<class name="-" filename="pkg/annotations/ingress_annotations.go" line-rate="0.8064516" branch-rate="0" complexity="0" line-count="62" line-hits="50">
					<methods>
						<method name="IngressClass" signature="" line-rate="0" branch-rate="0" complexity="0" line-count="0" line-hits="0">
							<lines>
								<line number="132" hits="0"></line>
							</lines>
						</method>
						<method name="IstioGatewayIngressClass" signature="" line-rate="0" branch-rate="0" complexity="0" line-count="0" line-hits="0">
							<lines>
								<line number="137" hits="0"></line>
								<line number="138" hits="0"></line>
								<line number="139" hits="0"></line>
								<line number="142" hits="0"></line>
							</lines>
						</method>
						<method name="IsSslRedirect" signature="" line-rate="1" branch-rate="0" complexity="0" line-count="0" line-hits="0">
							<lines>
								<line number="150" hits="2"></line>
							</lines>
						</method>
						<method name="BackendPathPrefix" signature="" line-rate="1" branch-rate="0" complexity="0" line-count="0" line-hits="0">
							<lines>
								<line number="155" hits="2"></line>
							</lines>
						</method>
						<method name="BackendHostName" signature="" line-rate="1" branch-rate="0" complexity="0" line-count="0" line-hits="0">
							<lines>
								<line number="160" hits="2"></line>
							</lines>
						</method>
						<method name="HealthProbeHostName" signature="" line-rate="1" branch-rate="0" complexity="0" line-count="0" line-hits="0">
							<lines>
								<line number="165" hits="2"></line>
							</lines>
						</method>
						<method name="HealthProbePort" signature="" line-rate="1" branch-rate="0" complexity="0" line-count="0" line-hits="0">
							<lines>
								<line number="170" hits="2"></line>
							</lines>
						</method>
						<method name="HealthProbePath" signature="" line-rate="1" branch-rate="0" complexity="0" line-count="0" line-hits="0">
							<lines>
								<line number="175" hits="2"></line>
							</lines>
						</method>
						<method name="HealthProbeStatusCodes" signature="" line-rate="1" branch-rate="0" complexity="0" line-count="0" line-hits="0">
							<lines>
								<line number="180" hits="2"></line>
								<line number="181" hits="2"></line>
								<line number="182" hits="1"></line>
								<line number="183" hits="1"></line>
								<line number="184" hits="2"></line>
								<line number="186" hits="1"></line>
								<line number="189" hits="1"></line>
							</lines>
						</method>
						<method name="HealthProbeInterval" signature="" line-rate="1" branch-rate="0" complexity="0" line-count="0" line-hits="0">
							<lines>
								<line number="194" hits="2"></line>
							</lines>
						</method>
						<method name="HealthProbeTimeout" signature="" line-rate="1" branch-rate="0" complexity="0" line-count="0" line-hits="0">
							<lines>
								<line number="199" hits="2"></line>
							</lines>
						</method>
						<method name="HealthProbeUnhealthyThreshold" signature="" line-rate="1" branch-rate="0" complexity="0" line-count="0" line-hits="0">
							<lines>
								<line number="204" hits="2"></line>
							</lines>
						</method>
						<method name="GetAppGwSslCertificate" signature="" line-rate="1" branch-rate="0" complexity="0" line-count="0" line-hits="0">
							<lines>
								<line number="209" hits="2"></line>
							</lines>
						</method>
						<method name="GetAppGwTrustedRootCertificate" signature="" line-rate="1" branch-rate="0" complexity="0" line-count="0" line-hits="0">
							<lines>
								<line number="214" hits="2"></line>
							</lines>
						</method>
						<method name="GetAppGwSslProfile" signature="" line-rate="1" branch-rate="0" complexity="0" line-count="0" line-hits="0">
							<lines>
								<line number="219" hits="2"></line>
							</lines>
						</method>
						<method name="RequestTimeout" signature="" line-rate="1" branch-rate="0" complexity="0" line-count="0" line-hits="0">
							<lines>
								<line number="224" hits="2"></line>
							</lines>
						</method>
						<method name="IsConnectionDraining" signature="" line-rate="1" branch-rate="0" complexity="0" line-count="0" line-hits="0">
							<lines>
								<line number="229" hits="2"></line>
							</lines>
						</method>
						<method name="ConnectionDrainingTimeout" signature="" line-rate="1" branch-rate="0" complexity="0" line-count="0" line-hits="0">
							<lines>
								<line number="234" hits="2"></line>
							</lines>
						</method>
						<method name="IsCookieBasedAffinity" signature="" line-rate="1" branch-rate="0" complexity="0" line-count="0" line-hits="0">
							<lines>
								<line number="239" hits="2"></line>
							</lines>
						</method>
						<method name="IsCookieBasedAffinityDistinctName" signature="" line-rate="1" branch-rate="0" complexity="0" line-count="0" line-hits="0">
							<lines>
								<line number="244" hits="2"></line>
							</lines>
						</method>
						<method name="UsePrivateIP" signature="" line-rate="1" branch-rate="0" complexity="0" line-count="0" line-hits="0">
							<lines>
								<line number="249" hits="2"></line>
							</lines>
						</method>
						<method name="OverrideFrontendPort" signature="" line-rate="1" branch-rate="0" complexity="0" line-count="0" line-hits="0">
							<lines>
								<line number="254" hits="2"></line>
							</lines>
						</method>
						<method name="BackendProtocol" signature="" line-rate="0" branch-rate="0" complexity="0" line-count="0" line-hits="0">
							<lines>
								<line number="259" hits="0"></line>
								<line number="260" hits="0"></line>
								<line number="261" hits="0"></line>
								<line number="264" hits="0"></line>
								<line number="265" hits="0"></line>
								<line number="268" hits="0"></line>
							</lines>
						</method>
						<method name="GetHostNameExtensions" signature="" line-rate="1" branch-rate="0" complexity="0" line-count="0" line-hits="0">
							<lines>
								<line number="275" hits="3"></line>
								<line number="276" hits="3"></line>
								<line number="277" hits="2"></line>
								<line number="278" hits="2"></line>
								<line number="279" hits="4"></line>
								<line number="280" hits="4"></line>
								<line number="281" hits="4"></line>
								<line number="285" hits="2"></line>
								<line number="288" hits="1"></line>
							</lines>
						</method>
						<method name="WAFPolicy" signature="" line-rate="0" branch-rate="0" complexity="0" line-count="0" line-hits="0">
							<lines>
								<line number="293" hits="0"></line>
							</lines>
						</method>
						<method name="RewriteRuleSet" signature="" line-rate="1" branch-rate="0" complexity="0" line-count="0" line-hits="0">
							<lines>
								<line number="298" hits="2"></line>
							</lines>
						</method>
						<method name="RewriteRuleSetCustomResource" signature="" line-rate="1" branch-rate="0" complexity="0" line-count="0" line-hits="0">
							<lines>
								<line number="303" hits="2"></line>
							</lines>
						</method>
						<method name="parseBool" signature="" line-rate="1" branch-rate="0" complexity="0" line-count="0" line-hits="0">
							<lines>
								<line number="307" hits="17"></line>
								<line number="308" hits="11"></line>
								<line number="309" hits="9"></line>
								<line number="311" hits="2"></line>
								<line number="315" hits="6"></line>
							</lines>
						</method>
						<method name="parseString" signature="" line-rate="1" branch-rate="0" complexity="0" line-count="0" line-hits="0">
							<lines>
								<line number="322" hits="25"></line>
								<line number="323" hits="13"></line>
								<line number="325" hits="12"></line>
							</lines>
						</method>
						<method name="parseInt32" signature="" line-rate="1" branch-rate="0" complexity="0" line-count="0" line-hits="0">
							<lines>
								<line number="332" hits="17"></line>
								<line number="333" hits="9"></line>
								<line number="334" hits="8"></line>
								<line number="336" hits="1"></line>
								<line number="341" hits="8"></line>
							</lines>
						</method>
					</methods>
					<lines>
						<line number="132" hits="0"></line>
						<line number="137" hits="0"></line>
						<line number="138" hits="0"></line>
						<line number="139" hits="0"></line>
						<line number="142" hits="0"></line>
						<line number="150" hits="2"></line>
						<line number="155" hits="2"></line>
						<line number="160" hits="2"></line>
						<line number="165" hits="2"></line>
						<line number="170" hits="2"></line>
						<line number="175" hits="2"></line>
						<line number="180" hits="2"></line>
						<line number="181" hits="2"></line>
						<line number="182" hits="1"></line>
						<line number="183" hits="1"></line>
						<line number="184" hits="2"></line>
						<line number="186" hits="1"></line>
						<line number="189" hits="1"></line>
						<line number="194" hits="2"></line>
						<line number="199" hits="2"></line>
						<line number="204" hits="2"></line>
						<line number="209" hits="2"></line>
						<line number="214" hits="2"></line>
						<line number="219" hits="2"></line>
						<line number="224" hits="2"></line>
						<line number="229" hits="2"></line>
						<line number="234" hits="2"></line>
						<line number="239" hits="2"></line>
						<line number="244" hits="2"></line>
						<line number="249" hits="2"></line>
						<line number="254" hits="2"></line>
						<line number="259" hits="0"></line>
						<line number="260" hits="0"></line>
						<line number="261" hits="0"></line>
						<line number="264" hits="0"></line>
						<line number="265" hits="0"></line>
						<line number="268" hits="0"></line>
						<line number="275" hits="3"></line>
						<line number="276" hits="3"></line>
						<line number="277" hits="2"></line>
						<line number="278" hits="2"></line>
						<line number="279" hits="4"></line>
						<line number="280" hits="4"></line>
						<line number="281" hits="4"></line>
						<line number="285" hits="2"></line>
						<line number="288" hits="1"></line>
						<line number="293" hits="0"></line>
						<line number="298" hits="2"></line>
						<line number="303" hits="2"></line>
						<line number="307" hits="17"></line>
						<line number="308" hits="11"></line>
						<line number="309" hits="9"></line>
						<line number="311" hits="2"></line>
						<line number="315" hits="6"></line>
						<line number="322" hits="25"></line>
						<line number="323" hits="13"></line>
						<line number="325" hits="12"></line>
						<line number="332" hits="17"></line>
						<line number="333" hits="9"></line>
						<line number="334" hits="8"></line>
						<line number="336" hits="1"></line>
						<line number="341" hits="8"></line>
					</lines>
				</class>
			</classes>
		</package>
		<package name="github.com/Azure/application-gateway-kubernetes-ingress/pkg/appgw" line-rate="0.76478773" branch-rate="0" complexity="0" line-count="1437" line-hits="1099">
			<classes>
				<class name="-" filename="pkg/appgw/helper.go" line-rate="1" branch-rate="0" complexity="0" line-count="3" line-hits="3">
					<methods>
						<method name="serviceBackendPortToStr" signature="" line-rate="1" branch-rate="0" complexity="0" line-count="0" line-hits="0">
							<lines>
								<line number="15" hits="33984"></line>
								<line number="16" hits="124"></line>
								<line number="18" hits="33860"></line>
							</lines>
						</method>
					</methods>
					<lines>
						<line number="15" hits="33984"></line>
						<line number="16" hits="124"></line>
						<line number="18" hits="33860"></line>
					</lines>
				</class>
				<class name="appGwConfigBuilder" filename="pkg/appgw/http_listeners.go" line-rate="1" branch-rate="0" complexity="0" line-count="4" line-hits="4">
					<methods>
						<method name="Listeners" signature="" line-rate="1" branch-rate="0" complexity="0" line-count="0" line-hits="0">
							<lines>
								<line number="10" hits="35"></line>
								<line number="11" hits="35"></line>
								<line number="16" hits="35"></line>
								<line number="18" hits="35"></line>
							</lines>
						</method>
					</methods>
					<lines>
						<line number="10" hits="35"></line>
						<line number="11" hits="35"></line>
						<line number="16" hits="35"></line>
						<line number="18" hits="35"></line>
					</lines>
				</class>
				<class name="appGwConfigBuilder" filename="pkg/appgw/istio_config.go" line-rate="0.41666666" branch-rate="0" complexity="0" line-count="12" line-hits="5">
					<methods>
						<method name="resolveIstioPortName" signature="" line-rate="0.41666666" branch-rate="0" complexity="0" line-count="0" line-hits="0">
							<lines>
								<line number="14" hits="1"></line>
								<line number="15" hits="1"></line>
								<line number="16" hits="1"></line>
								<line number="17" hits="1"></line>
								<line number="18" hits="1"></line>
								<line number="21" hits="0"></line>
								<line number="22" hits="0"></line>
								<line number="24" hits="0"></line>
								<line number="25" hits="0"></line>
								<line number="26" hits="0"></line>
								<line number="27" hits="0"></line>
								<line number="31" hits="0"></line>
							</lines>
						</method>
					</methods>
					<lines>
						<line number="14" hits="1"></line>
						<line number="15" hits="1"></line>
						<line number="16" hits="1"></line>
						<line number="17" hits="1"></line>
						<line number="18" hits="1"></line>
						<line number="21" hits="0"></line>
						<line number="22" hits="0"></line>
						<line number="24" hits="0"></line>
						<line number="25" hits="0"></line>
						<line number="26" hits="0"></line>
						<line number="27" hits="0"></line>
						<line number="31" hits="0"></line>
					</lines>
				</class>
				<class name="-" filename="pkg/appgw/istio_config.go" line-rate="0" branch-rate="0" complexity="0" line-count="2" line-hits="0">
					<methods>
						<method name="generateIstioMatchID" signature="" line-rate="0" branch-rate="0" complexity="0" line-count="0" line-hits="0">
							<lines>
								<line number="35" hits="0"></line>
							</lines>
						</method>
						<method name="generateIstioDestinationID" signature="" line-rate="0" branch-rate="0" complexity="0" line-count="0" line-hits="0">
							<lines>
								<line number="46" hits="0"></line>
							</lines>
						</method>
					</methods>
					<lines>
						<line number="35" hits="0"></line>
						<line number="46" hits="0"></line>
					</lines>
				</class>
				<class name="appGwConfigBuilder" filename="pkg/appgw/istio_routing_rules.go" line-rate="0.40625" branch-rate="0" complexity="0" line-count="32" line-hits="13">
					<methods>
						<method name="getIstioPathMaps" signature="" line-rate="0.40625" branch-rate="0" complexity="0" line-count="0" line-hits="0">
							<lines>
								<line number="16" hits="1"></line>
								<line number="17" hits="1"></line>
								<line number="20" hits="1"></line>
								<line number="22" hits="1"></line>
								<line number="24" hits="1"></line>
								<line number="25" hits="1"></line>
								<line number="26" hits="0"></line>
								<line number="28" hits="0"></line>
								<line number="29" hits="0"></line>
								<line number="30" hits="0"></line>
								<line number="31" hits="0"></line>
								<line number="33" hits="0"></line>
								<line number="34" hits="0"></line>
								<line number="36" hits="0"></line>
								<line number="37" hits="0"></line>
								<line number="52" hits="0"></line>
								<line number="56" hits="0"></line>
								<line number="58" hits="0"></line>
								<line number="59" hits="0"></line>
								<line number="61" hits="0"></line>
								<line number="62" hits="0"></line>
								<line number="73" hits="0"></line>
								<line number="74" hits="0"></line>
								<line number="87" hits="0"></line>
								<line number="90" hits="0"></line>
								<line number="97" hits="1"></line>
								<line number="98" hits="1"></line>
								<line number="99" hits="1"></line>
								<line number="101" hits="1"></line>
								<line number="102" hits="1"></line>
								<line number="103" hits="1"></line>
								<line number="115" hits="1"></line>
							</lines>
						</method>
					</methods>
					<lines>
						<line number="16" hits="1"></line>
						<line number="17" hits="1"></line>
						<line number="20" hits="1"></line>
						<line number="22" hits="1"></line>
						<line number="24" hits="1"></line>
						<line number="25" hits="1"></line>
						<line number="26" hits="0"></line>
						<line number="28" hits="0"></line>
						<line number="29" hits="0"></line>
						<line number="30" hits="0"></line>
						<line number="31" hits="0"></line>
						<line number="33" hits="0"></line>
						<line number="34" hits="0"></line>
						<line number="36" hits="0"></line>
						<line number="37" hits="0"></line>
						<line number="52" hits="0"></line>
						<line number="56" hits="0"></line>
						<line number="58" hits="0"></line>
						<line number="59" hits="0"></line>
						<line number="61" hits="0"></line>
						<line number="62" hits="0"></line>
						<line number="73" hits="0"></line>
						<line number="74" hits="0"></line>
						<line number="87" hits="0"></line>
						<line number="90" hits="0"></line>
						<line number="97" hits="1"></line>
						<line number="98" hits="1"></line>
						<line number="99" hits="1"></line>
						<line number="101" hits="1"></line>
						<line number="102" hits="1"></line>
						<line number="103" hits="1"></line>
						<line number="115" hits="1"></line>
					</lines>
				</class>
				<class name="appGwConfigBuilder" filename="pkg/appgw/istio_settings.go" line-rate="0.17142858" branch-rate="0" complexity="0" line-count="70" line-hits="12">
					<methods>
						<method name="getIstioDestinationsAndSettingsMap" signature="" line-rate="0.1904762" branch-rate="0" complexity="0" line-count="0" line-hits="0">
							<lines>
								<line number="52" hits="3"></line>
								<line number="53" hits="3"></line>
								<line number="54" hits="3"></line>
								<line number="56" hits="3"></line>
								<line number="57" hits="3"></line>
								<line number="58" hits="3"></line>
								<line number="59" hits="0"></line>
								<line number="61" hits="0"></line>
								<line number="62" hits="0"></line>
								<line number="63" hits="0"></line>
								<line number="65" hits="0"></line>
								<line number="66" hits="0"></line>
								<line number="68" hits="0"></line>
								<line number="72" hits="0"></line>
								<line number="74" hits="0"></line>
								<line number="77" hits="0"></line>
								<line number="79" hits="0"></line>
								<line number="83" hits="0"></line>
								<line number="85" hits="0"></line>
								<line number="87" hits="0"></line>
								<line number="91" hits="0"></line>
								<line number="94" hits="0"></line>
								<line number="96" hits="0"></line>
								<line number="100" hits="0"></line>
								<line number="103" hits="0"></line>
								<line number="104" hits="0"></line>
								<line number="105" hits="0"></line>
								<line number="106" hits="0"></line>
								<line number="107" hits="0"></line>
								<line number="111" hits="0"></line>
								<line number="115" hits="0"></line>
								<line number="119" hits="0"></line>
								<line number="120" hits="0"></line>
								<line number="121" hits="0"></line>
								<line number="124" hits="0"></line>
								<line number="125" hits="0"></line>
								<line number="129" hits="0"></line>
								<line number="130" hits="0"></line>
								<line number="132" hits="0"></line>
								<line number="133" hits="0"></line>
								<line number="136" hits="3"></line>
								<line number="137" hits="0"></line>
								<line number="141" hits="0"></line>
								<line number="144" hits="3"></line>
								<line number="145" hits="3"></line>
								<line number="146" hits="0"></line>
								<line number="148" hits="0"></line>
								<line number="149" hits="0"></line>
								<line number="150" hits="0"></line>
								<line number="156" hits="0"></line>
								<line number="161" hits="0"></line>
								<line number="162" hits="0"></line>
								<line number="166" hits="0"></line>
								<line number="167" hits="0"></line>
								<line number="168" hits="0"></line>
								<line number="171" hits="0"></line>
								<line number="172" hits="0"></line>
								<line number="173" hits="0"></line>
								<line number="174" hits="0"></line>
								<line number="177" hits="3"></line>
								<line number="178" hits="3"></line>
								<line number="179" hits="0"></line>
								<line number="182" hits="3"></line>
							</lines>
						</method>
						<method name="generateIstioHTTPSettings" signature="" line-rate="0" branch-rate="0" complexity="0" line-count="0" line-hits="0">
							<lines>
								<line number="186" hits="0"></line>
								<line number="187" hits="0"></line>
								<line number="188" hits="0"></line>
								<line number="192" hits="0"></line>
								<line number="193" hits="0"></line>
								<line number="194" hits="0"></line>
								<line number="206" hits="0"></line>
							</lines>
						</method>
					</methods>
					<lines>
						<line number="52" hits="3"></line>
						<line number="53" hits="3"></line>
						<line number="54" hits="3"></line>
						<line number="56" hits="3"></line>
						<line number="57" hits="3"></line>
						<line number="58" hits="3"></line>
						<line number="59" hits="0"></line>
						<line number="61" hits="0"></line>
						<line number="62" hits="0"></line>
						<line number="63" hits="0"></line>
						<line number="65" hits="0"></line>
						<line number="66" hits="0"></line>
						<line number="68" hits="0"></line>
						<line number="72" hits="0"></line>
						<line number="74" hits="0"></line>
						<line number="77" hits="0"></line>
						<line number="79" hits="0"></line>
						<line number="83" hits="0"></line>
						<line number="85" hits="0"></line>
						<line number="87" hits="0"></line>
						<line number="91" hits="0"></line>
						<line number="94" hits="0"></line>
						<line number="96" hits="0"></line>
						<line number="100" hits="0"></line>
						<line number="103" hits="0"></line>
						<line number="104" hits="0"></line>
						<line number="105" hits="0"></line>
						<line number="106" hits="0"></line>
						<line number="107" hits="0"></line>
						<line number="111" hits="0"></line>
						<line number="115" hits="0"></line>
						<line number="119" hits="0"></line>
						<line number="120" hits="0"></line>
						<line number="121" hits="0"></line>
						<line number="124" hits="0"></line>
						<line number="125" hits="0"></line>
						<line number="129" hits="0"></line>
						<line number="130" hits="0"></line>
						<line number="132" hits="0"></line>
						<line number="133" hits="0"></line>
						<line number="136" hits="3"></line>
						<line number="137" hits="0"></line>
						<line number="141" hits="0"></line>
						<line number="144" hits="3"></line>
						<line number="145" hits="3"></line>
						<line number="146" hits="0"></line>
						<line number="148" hits="0"></line>
						<line number="149" hits="0"></line>
						<line number="150" hits="0"></line>
						<line number="156" hits="0"></line>
						<line number="161" hits="0"></line>
						<line number="162" hits="0"></line>
						<line number="166" hits="0"></line>
						<line number="167" hits="0"></line>
						<line number="168" hits="0"></line>
						<line number="171" hits="0"></line>
						<line number="172" hits="0"></line>
						<line number="173" hits="0"></line>
						<line number="174" hits="0"></line>
						<line number="177" hits="3"></line>
						<line number="178" hits="3"></line>
						<line number="179" hits="0"></line>
						<line number="182" hits="3"></line>
						<line number="186" hits="0"></line>
						<line number="187" hits="0"></line>
						<line number="188" hits="0"></line>
						<line number="192" hits="0"></line>
						<line number="193" hits="0"></line>
						<line number="194" hits="0"></line>
						<line number="206" hits="0"></line>
					</lines>
				</class>
				<class name="-" filename="pkg/appgw/istio_settings.go" line-rate="0.23529412" branch-rate="0" complexity="0" line-count="17" line-hits="4">
					<methods>
						<method name="istioMatchDestinationIds" signature="" line-rate="0.23529412" branch-rate="0" complexity="0" line-count="0" line-hits="0">
							<lines>
								<line number="22" hits="3"></line>
								<line number="23" hits="3"></line>
								<line number="24" hits="3"></line>
								<line number="25" hits="0"></line>
								<line number="26" hits="0"></line>
								<line number="27" hits="0"></line>
								<line number="28" hits="0"></line>
								<line number="29" hits="0"></line>
								<line number="34" hits="0"></line>
								<line number="35" hits="0"></line>
								<line number="37" hits="0"></line>
								<line number="38" hits="0"></line>
								<line number="39" hits="0"></line>
								<line number="40" hits="0"></line>
								<line number="42" hits="0"></line>
								<line number="43" hits="0"></line>
								<line number="48" hits="3"></line>
							</lines>
						</method>
					</methods>
					<lines>
						<line number="22" hits="3"></line>
						<line number="23" hits="3"></line>
						<line number="24" hits="3"></line>
						<line number="25" hits="0"></line>
						<line number="26" hits="0"></line>
						<line number="27" hits="0"></line>
						<line number="28" hits="0"></line>
						<line number="29" hits="0"></line>
						<line number="34" hits="0"></line>
						<line number="35" hits="0"></line>
						<line number="37" hits="0"></line>
						<line number="38" hits="0"></line>
						<line number="39" hits="0"></line>
						<line number="40" hits="0"></line>
						<line number="42" hits="0"></line>
						<line number="43" hits="0"></line>
						<line number="48" hits="3"></line>
					</lines>
				</class>
				<class name="-" filename="pkg/appgw/rewrites.go" line-rate="1" branch-rate="0" complexity="0" line-count="17" line-hits="17">
					<methods>
						<method name="removeAGICGeneratedRewriteRuleSets" signature="" line-rate="1" branch-rate="0" complexity="0" line-count="0" line-hits="0">
							<lines>
								<line number="36" hits="12"></line>
								<line number="37" hits="11"></line>
								<line number="40" hits="1"></line>
								<line number="42" hits="1"></line>
								<line number="43" hits="5"></line>
								<line number="44" hits="2"></line>
								<line number="48" hits="1"></line>
							</lines>
						</method>
						<method name="makeConditions" signature="" line-rate="1" branch-rate="0" complexity="0" line-count="0" line-hits="0">
							<lines>
								<line number="129" hits="3"></line>
								<line number="131" hits="3"></line>
								<line number="133" hits="5"></line>
								<line number="142" hits="3"></line>
							</lines>
						</method>
						<method name="makeActionSet" signature="" line-rate="1" branch-rate="0" complexity="0" line-count="0" line-hits="0">
							<lines>
								<line number="148" hits="3"></line>
							</lines>
						</method>
						<method name="makeHeaderConfigs" signature="" line-rate="1" branch-rate="0" complexity="0" line-count="0" line-hits="0">
							<lines>
								<line number="159" hits="6"></line>
								<line number="161" hits="6"></line>
								<line number="163" hits="10"></line>
								<line number="170" hits="6"></line>
							</lines>
						</method>
						<method name="makeURLConfig" signature="" line-rate="1" branch-rate="0" complexity="0" line-count="0" line-hits="0">
							<lines>
								<line number="175" hits="3"></line>
							</lines>
						</method>
					</methods>
					<lines>
						<line number="36" hits="12"></line>
						<line number="37" hits="11"></line>
						<line number="40" hits="1"></line>
						<line number="42" hits="1"></line>
						<line number="43" hits="5"></line>
						<line number="44" hits="2"></line>
						<line number="48" hits="1"></line>
						<line number="129" hits="3"></line>
						<line number="131" hits="3"></line>
						<line number="133" hits="5"></line>
						<line number="142" hits="3"></line>
						<line number="148" hits="3"></line>
						<line number="159" hits="6"></line>
						<line number="161" hits="6"></line>
						<line number="163" hits="10"></line>
						<line number="170" hits="6"></line>
						<line number="175" hits="3"></line>
					</lines>
				</class>
				<class name="appGwConfigBuilder" filename="pkg/appgw/rewrites.go" line-rate="0.9285714" branch-rate="0" complexity="0" line-count="28" line-hits="26">
					<methods>
						<method name="RewriteRuleSets" signature="" line-rate="1" branch-rate="0" complexity="0" line-count="0" line-hits="0">
							<lines>
								<line number="22" hits="11"></line>
								<line number="23" hits="11"></line>
								<line number="26" hits="11"></line>
								<line number="27" hits="11"></line>
								<line number="29" hits="11"></line>
								<line number="30" hits="11"></line>
							</lines>
						</method>
						<method name="getAGICRewriteRuleSets" signature="" line-rate="0.875" branch-rate="0" complexity="0" line-count="0" line-hits="0">
							<lines>
								<line number="54" hits="11"></line>
								<line number="59" hits="11"></line>
								<line number="62" hits="11"></line>
								<line number="64" hits="11"></line>
								<line number="65" hits="11"></line>
								<line number="68" hits="11"></line>
								<line number="69" hits="10"></line>
								<line number="72" hits="1"></line>
								<line number="78" hits="11"></line>
								<line number="81" hits="11"></line>
								<line number="83" hits="1"></line>
								<line number="85" hits="1"></line>
								<line number="86" hits="0"></line>
								<line number="87" hits="0"></line>
								<line number="90" hits="1"></line>
								<line number="93" hits="11"></line>
							</lines>
						</method>
						<method name="makeRewrite" signature="" line-rate="1" branch-rate="0" complexity="0" line-count="0" line-hits="0">
							<lines>
								<line number="100" hits="2"></line>
								<line number="102" hits="2"></line>
								<line number="104" hits="2"></line>
								<line number="106" hits="3"></line>
								<line number="113" hits="3"></line>
								<line number="116" hits="2"></line>
							</lines>
						</method>
					</methods>
					<lines>
						<line number="22" hits="11"></line>
						<line number="23" hits="11"></line>
						<line number="26" hits="11"></line>
						<line number="27" hits="11"></line>
						<line number="29" hits="11"></line>
						<line number="30" hits="11"></line>
						<line number="54" hits="11"></line>
						<line number="59" hits="11"></line>
						<line number="62" hits="11"></line>
						<line number="64" hits="11"></line>
						<line number="65" hits="11"></line>
						<line number="68" hits="11"></line>
						<line number="69" hits="10"></line>
						<line number="72" hits="1"></line>
						<line number="78" hits="11"></line>
						<line number="81" hits="11"></line>
						<line number="83" hits="1"></line>
						<line number="85" hits="1"></line>
						<line number="86" hits="0"></line>
						<line number="87" hits="0"></line>
						<line number="90" hits="1"></line>
						<line number="93" hits="11"></line>
						<line number="100" hits="2"></line>
						<line number="102" hits="2"></line>
						<line number="104" hits="2"></line>
						<line number="106" hits="3"></line>
						<line number="113" hits="3"></line>
						<line number="116" hits="2"></line>
					</lines>
				</class>
				<class name="appGwConfigBuilder" filename="pkg/appgw/backendaddresspools.go" line-rate="0.8103448" branch-rate="0" complexity="0" line-count="58" line-hits="47">
					<methods>
						<method name="BackendAddressPools" signature="" line-rate="1" branch-rate="0" complexity="0" line-count="0" line-hits="0">
							<lines>
								<line number="22" hits="22"></line>
								<line number="23" hits="22"></line>
								<line number="24" hits="22"></line>
								<line number="26" hits="22"></line>
								<line number="27" hits="22"></line>
							</lines>
						</method>
						<method name="getPools" signature="" line-rate="0.60714287" branch-rate="0" complexity="0" line-count="0" line-hits="0">
							<lines>
								<line number="31" hits="22"></line>
								<line number="32" hits="0"></line>
								<line number="35" hits="22"></line>
								<line number="36" hits="22"></line>
								<line number="37" hits="22"></line>
								<line number="40" hits="22"></line>
								<line number="41" hits="22"></line>
								<line number="42" hits="0"></line>
								<line number="44" hits="22"></line>
								<line number="45" hits="34"></line>
								<line number="46" hits="29"></line>
								<line number="47" hits="29"></line>
								<line number="51" hits="22"></line>
								<line number="52" hits="0"></line>
								<line number="53" hits="0"></line>
								<line number="54" hits="0"></line>
								<line number="55" hits="0"></line>
								<line number="56" hits="0"></line>
								<line number="61" hits="22"></line>
								<line number="62" hits="22"></line>
								<line number="63" hits="48"></line>
								<line number="66" hits="22"></line>
								<line number="67" hits="0"></line>
								<line number="70" hits="0"></line>
								<line number="72" hits="0"></line>
								<line number="76" hits="0"></line>
								<line number="79" hits="22"></line>
								<line number="80" hits="22"></line>
							</lines>
						</method>
						<method name="newBackendPoolMap" signature="" line-rate="1" branch-rate="0" complexity="0" line-count="0" line-hits="0">
							<lines>
								<line number="84" hits="762"></line>
								<line number="85" hits="762"></line>
								<line number="88" hits="762"></line>
								<line number="89" hits="762"></line>
								<line number="90" hits="762"></line>
								<line number="91" hits="30442"></line>
								<line number="92" hits="30442"></line>
								<line number="93" hits="30315"></line>
								<line number="96" hits="762"></line>
							</lines>
						</method>
						<method name="getBackendAddressPool" signature="" line-rate="1" branch-rate="0" complexity="0" line-count="0" line-hits="0">
							<lines>
								<line number="100" hits="30477"></line>
								<line number="101" hits="30477"></line>
								<line number="102" hits="125"></line>
								<line number="103" hits="125"></line>
								<line number="104" hits="125"></line>
								<line number="107" hits="30352"></line>
								<line number="108" hits="30352"></line>
								<line number="109" hits="30345"></line>
								<line number="112" hits="30345"></line>
								<line number="113" hits="3"></line>
								<line number="115" hits="30342"></line>
								<line number="117" hits="7"></line>
								<line number="118" hits="7"></line>
								<line number="119" hits="7"></line>
								<line number="121" hits="7"></line>
							</lines>
						</method>
						<method name="newPool" signature="" line-rate="1" branch-rate="0" complexity="0" line-count="0" line-hits="0">
							<lines>
								<line number="135" hits="30343"></line>
							</lines>
						</method>
					</methods>
					<lines>
						<line number="22" hits="22"></line>
						<line number="23" hits="22"></line>
						<line number="24" hits="22"></line>
						<line number="26" hits="22"></line>
						<line number="27" hits="22"></line>
						<line number="31" hits="22"></line>
						<line number="32" hits="0"></line>
						<line number="35" hits="22"></line>
						<line number="36" hits="22"></line>
						<line number="37" hits="22"></line>
						<line number="40" hits="22"></line>
						<line number="41" hits="22"></line>
						<line number="42" hits="0"></line>
						<line number="44" hits="22"></line>
						<line number="45" hits="34"></line>
						<line number="46" hits="29"></line>
						<line number="47" hits="29"></line>
						<line number="51" hits="22"></line>
						<line number="52" hits="0"></line>
						<line number="53" hits="0"></line>
						<line number="54" hits="0"></line>
						<line number="55" hits="0"></line>
						<line number="56" hits="0"></line>
						<line number="61" hits="22"></line>
						<line number="62" hits="22"></line>
						<line number="63" hits="48"></line>
						<line number="66" hits="22"></line>
						<line number="67" hits="0"></line>
						<line number="70" hits="0"></line>
						<line number="72" hits="0"></line>
						<line number="76" hits="0"></line>
						<line number="79" hits="22"></line>
						<line number="80" hits="22"></line>
						<line number="84" hits="762"></line>
						<line number="85" hits="762"></line>
						<line number="88" hits="762"></line>
						<line number="89" hits="762"></line>
						<line number="90" hits="762"></line>
						<line number="91" hits="30442"></line>
						<line number="92" hits="30442"></line>
						<line number="93" hits="30315"></line>
						<line number="96" hits="762"></line>
						<line number="100" hits="30477"></line>
						<line number="101" hits="30477"></line>
						<line number="102" hits="125"></line>
						<line number="103" hits="125"></line>
						<line number="104" hits="125"></line>
						<line number="107" hits="30352"></line>
						<line number="108" hits="30352"></line>
						<line number="109" hits="30345"></line>
						<line number="112" hits="30345"></line>
						<line number="113" hits="3"></line>
						<line number="115" hits="30342"></line>
						<line number="117" hits="7"></line>
						<line number="118" hits="7"></line>
						<line number="119" hits="7"></line>
						<line number="121" hits="7"></line>
						<line number="135" hits="30343"></line>
					</lines>
				</class>
				<class name="-" filename="pkg/appgw/backendaddresspools.go" line-rate="1" branch-rate="0" complexity="0" line-count="28" line-hits="28">
					<methods>
						<method name="getUniqueTCPPorts" signature="" line-rate="1" branch-rate="0" complexity="0" line-count="0" line-hits="0">
							<lines>
								<line number="125" hits="30352"></line>
								<line number="126" hits="30352"></line>
								<line number="127" hits="60688"></line>
								<line number="128" hits="60688"></line>
								<line number="131" hits="30352"></line>
							</lines>
						</method>
						<method name="getAddressesForSubset" signature="" line-rate="1" branch-rate="0" complexity="0" line-count="0" line-hits="0">
							<lines>
								<line number="149" hits="30344"></line>
								<line number="150" hits="30344"></line>
								<line number="151" hits="30344"></line>
								<line number="152" hits="30344"></line>
								<line number="154" hits="30386"></line>
								<line number="156" hits="30380"></line>
								<line number="157" hits="6"></line>
								<line number="159" hits="6"></line>
								<line number="163" hits="30344"></line>
								<line number="165" hits="4"></line>
								<line number="167" hits="2"></line>
								<line number="168" hits="2"></line>
								<line number="170" hits="2"></line>
								<line number="174" hits="30344"></line>
								<line number="175" hits="30380"></line>
								<line number="177" hits="30344"></line>
								<line number="178" hits="6"></line>
								<line number="180" hits="30344"></line>
							</lines>
						</method>
						<method name="getBackendAddressMapKeys" signature="" line-rate="1" branch-rate="0" complexity="0" line-count="0" line-hits="0">
							<lines>
								<line number="184" hits="30344"></line>
								<line number="185" hits="30344"></line>
								<line number="186" hits="30386"></line>
								<line number="188" hits="30344"></line>
								<line number="189" hits="30344"></line>
							</lines>
						</method>
					</methods>
					<lines>
						<line number="125" hits="30352"></line>
						<line number="126" hits="30352"></line>
						<line number="127" hits="60688"></line>
						<line number="128" hits="60688"></line>
						<line number="131" hits="30352"></line>
						<line number="149" hits="30344"></line>
						<line number="150" hits="30344"></line>
						<line number="151" hits="30344"></line>
						<line number="152" hits="30344"></line>
						<line number="154" hits="30386"></line>
						<line number="156" hits="30380"></line>
						<line number="157" hits="6"></line>
						<line number="159" hits="6"></line>
						<line number="163" hits="30344"></line>
						<line number="165" hits="4"></line>
						<line number="167" hits="2"></line>
						<line number="168" hits="2"></line>
						<line number="170" hits="2"></line>
						<line number="174" hits="30344"></line>
						<line number="175" hits="30380"></line>
						<line number="177" hits="30344"></line>
						<line number="178" hits="6"></line>
						<line number="180" hits="30344"></line>
						<line number="184" hits="30344"></line>
						<line number="185" hits="30344"></line>
						<line number="186" hits="30386"></line>
						<line number="188" hits="30344"></line>
						<line number="189" hits="30344"></line>
					</lines>
				</class>
				<class name="appGwConfigBuilder" filename="pkg/appgw/certificates.go" line-rate="0.90384614" branch-rate="0" complexity="0" line-count="52" line-hits="47">
					<methods>
						<method name="getSslCertificates" signature="" line-rate="0.9285714" branch-rate="0" complexity="0" line-count="0" line-hits="0">
							<lines>
								<line number="25" hits="35"></line>
								<line number="26" hits="6"></line>
								<line number="28" hits="29"></line>
								<line number="30" hits="29"></line>
								<line number="31" hits="331"></line>
								<line number="32" hits="23"></line>
								<line number="36" hits="29"></line>
								<line number="37" hits="29"></line>
								<line number="38" hits="16"></line>
								<line number="42" hits="29"></line>
								<line number="45" hits="0"></line>
								<line number="48" hits="29"></line>
								<line number="49" hits="29"></line>
								<line number="50" hits="29"></line>
							</lines>
						</method>
						<method name="getSecretToCertificateMap" signature="" line-rate="0.9" branch-rate="0" complexity="0" line-count="0" line-hits="0">
							<lines>
								<line number="54" hits="569"></line>
								<line number="55" hits="569"></line>
								<line number="56" hits="520"></line>
								<line number="57" hits="0"></line>
								<line number="60" hits="520"></line>
								<line number="66" hits="520"></line>
								<line number="67" hits="516"></line>
								<line number="69" hits="4"></line>
								<line number="70" hits="4"></line>
								<line number="74" hits="569"></line>
							</lines>
						</method>
						<method name="getCertificate" signature="" line-rate="0.8181818" branch-rate="0" complexity="0" line-count="0" line-hits="0">
							<lines>
								<line number="78" hits="876"></line>
								<line number="79" hits="0"></line>
								<line number="81" hits="876"></line>
								<line number="82" hits="876"></line>
								<line number="84" hits="644"></line>
								<line number="86" hits="876"></line>
								<line number="88" hits="638"></line>
								<line number="91" hits="238"></line>
								<line number="92" hits="238"></line>
								<line number="94" hits="0"></line>
								<line number="96" hits="238"></line>
							</lines>
						</method>
						<method name="newHostToSecretMap" signature="" line-rate="0.93333334" branch-rate="0" complexity="0" line-count="0" line-hits="0">
							<lines>
								<line number="100" hits="877"></line>
								<line number="101" hits="877"></line>
								<line number="102" hits="482"></line>
								<line number="103" hits="0"></line>
								<line number="106" hits="482"></line>
								<line number="112" hits="482"></line>
								<line number="113" hits="482"></line>
								<line number="114" hits="8"></line>
								<line number="118" hits="474"></line>
								<line number="119" hits="239"></line>
								<line number="122" hits="474"></line>
								<line number="124" hits="942"></line>
								<line number="125" hits="235"></line>
								<line number="127" hits="707"></line>
								<line number="131" hits="877"></line>
							</lines>
						</method>
						<method name="newCert" signature="" line-rate="1" branch-rate="0" complexity="0" line-count="0" line-hits="0">
							<lines>
								<line number="135" hits="16"></line>
								<line number="136" hits="16"></line>
							</lines>
						</method>
					</methods>
					<lines>
						<line number="25" hits="35"></line>
						<line number="26" hits="6"></line>
						<line number="28" hits="29"></line>
						<line number="30" hits="29"></line>
						<line number="31" hits="331"></line>
						<line number="32" hits="23"></line>
						<line number="36" hits="29"></line>
						<line number="37" hits="29"></line>
						<line number="38" hits="16"></line>
						<line number="42" hits="29"></line>
						<line number="45" hits="0"></line>
						<line number="48" hits="29"></line>
						<line number="49" hits="29"></line>
						<line number="50" hits="29"></line>
						<line number="54" hits="569"></line>
						<line number="55" hits="569"></line>
						<line number="56" hits="520"></line>
						<line number="57" hits="0"></line>
						<line number="60" hits="520"></line>
						<line number="66" hits="520"></line>
						<line number="67" hits="516"></line>
						<line number="69" hits="4"></line>
						<line number="70" hits="4"></line>
						<line number="74" hits="569"></line>
						<line number="78" hits="876"></line>
						<line number="79" hits="0"></line>
						<line number="81" hits="876"></line>
						<line number="82" hits="876"></line>
						<line number="84" hits="644"></line>
						<line number="86" hits="876"></line>
						<line number="88" hits="638"></line>
						<line number="91" hits="238"></line>
						<line number="92" hits="238"></line>
						<line number="94" hits="0"></line>
						<line number="96" hits="238"></line>
						<line number="100" hits="877"></line>
						<line number="101" hits="877"></line>
						<line number="102" hits="482"></line>
						<line number="103" hits="0"></line>
						<line number="106" hits="482"></line>
						<line number="112" hits="482"></line>
						<line number="113" hits="482"></line>
						<line number="114" hits="8"></line>
						<line number="118" hits="474"></line>
						<line number="119" hits="239"></line>
						<line number="122" hits="474"></line>
						<line number="124" hits="942"></line>
						<line number="125" hits="235"></line>
						<line number="127" hits="707"></line>
						<line number="131" hits="877"></line>
						<line number="135" hits="16"></line>
						<line number="136" hits="16"></line>
					</lines>
				</class>
				<class name="-" filename="pkg/appgw/test_fixtures.go" line-rate="0.9285714" branch-rate="0" complexity="0" line-count="28" line-hits="26">
					<methods>
						<method name="NewAppGwyConfigFixture" signature="" line-rate="1" branch-rate="0" complexity="0" line-count="0" line-hits="0">
							<lines>
								<line number="24" hits="73"></line>
								<line number="50" hits="73"></line>
							</lines>
						</method>
						<method name="newSecretStoreFixture" signature="" line-rate="1" branch-rate="0" complexity="0" line-count="0" line-hits="0">
							<lines>
								<line number="61" hits="63"></line>
								<line number="62" hits="63"></line>
								<line number="63" hits="63"></line>
								<line number="65" hits="63"></line>
								<line number="66" hits="63"></line>
								<line number="68" hits="63"></line>
								<line number="69" hits="20"></line>
								<line number="70" hits="60"></line>
								<line number="74" hits="63"></line>
							</lines>
						</method>
						<method name="keyFunc" signature="" line-rate="1" branch-rate="0" complexity="0" line-count="0" line-hits="0">
							<lines>
								<line number="80" hits="386"></line>
								<line number="81" hits="386"></line>
								<line number="83" hits="386"></line>
							</lines>
						</method>
						<method name="newConfigBuilderFixture" signature="" line-rate="1" branch-rate="0" complexity="0" line-count="0" line-hits="0">
							<lines>
								<line number="87" hits="63"></line>
								<line number="88" hits="63"></line>
								<line number="110" hits="63"></line>
							</lines>
						</method>
						<method name="newCertsFixture" signature="" line-rate="1" branch-rate="0" complexity="0" line-count="0" line-hits="0">
							<lines>
								<line number="114" hits="20"></line>
								<line number="116" hits="20"></line>
								<line number="121" hits="20"></line>
								<line number="122" hits="20"></line>
								<line number="124" hits="20"></line>
								<line number="126" hits="20"></line>
							</lines>
						</method>
						<method name="newURLPathMap" signature="" line-rate="0" branch-rate="0" complexity="0" line-count="0" line-hits="0">
							<lines>
								<line number="130" hits="0"></line>
								<line number="147" hits="0"></line>
							</lines>
						</method>
						<method name="newTestListenerID" signature="" line-rate="1" branch-rate="0" complexity="0" line-count="0" line-hits="0">
							<lines>
								<line number="162" hits="118"></line>
								<line number="166" hits="118"></line>
								<line number="167" hits="118"></line>
							</lines>
						</method>
					</methods>
					<lines>
						<line number="24" hits="73"></line>
						<line number="50" hits="73"></line>
						<line number="61" hits="63"></line>
						<line number="62" hits="63"></line>
						<line number="63" hits="63"></line>
						<line number="65" hits="63"></line>
						<line number="66" hits="63"></line>
						<line number="68" hits="63"></line>
						<line number="69" hits="20"></line>
						<line number="70" hits="60"></line>
						<line number="74" hits="63"></line>
						<line number="80" hits="386"></line>
						<line number="81" hits="386"></line>
						<line number="83" hits="386"></line>
						<line number="87" hits="63"></line>
						<line number="88" hits="63"></line>
						<line number="110" hits="63"></line>
						<line number="114" hits="20"></line>
						<line number="116" hits="20"></line>
						<line number="121" hits="20"></line>
						<line number="122" hits="20"></line>
						<line number="124" hits="20"></line>
						<line number="126" hits="20"></line>
						<line number="130" hits="0"></line>
						<line number="147" hits="0"></line>
						<line number="162" hits="118"></line>
						<line number="166" hits="118"></line>
						<line number="167" hits="118"></line>
					</lines>
				</class>
				<class name="-" filename="pkg/appgw/internaltypes.go" line-rate="1" branch-rate="0" complexity="0" line-count="32" line-hits="32">
					<methods>
						<method name="formatPropName" signature="" line-rate="1" branch-rate="0" complexity="0" line-count="0" line-hits="0">
							<lines>
								<line number="94" hits="33954"></line>
								<line number="95" hits="33954"></line>
								<line number="96" hits="33948"></line>
								<line number="98" hits="6"></line>
								<line number="99" hits="6"></line>
								<line number="100" hits="6"></line>
								<line number="101" hits="6"></line>
								<line number="102" hits="6"></line>
								<line number="103" hits="6"></line>
							</lines>
						</method>
						<method name="getResourceKey" signature="" line-rate="1" branch-rate="0" complexity="0" line-count="0" line-hits="0">
							<lines>
								<line number="131" hits="66"></line>
							</lines>
						</method>
						<method name="generateHTTPSettingsName" signature="" line-rate="1" branch-rate="0" complexity="0" line-count="0" line-hits="0">
							<lines>
								<line number="135" hits="395"></line>
							</lines>
						</method>
						<method name="generateProbeName" signature="" line-rate="1" branch-rate="0" complexity="0" line-count="0" line-hits="0">
							<lines>
								<line number="139" hits="369"></line>
							</lines>
						</method>
						<method name="generateAddressPoolName" signature="" line-rate="1" branch-rate="0" complexity="0" line-count="0" line-hits="0">
							<lines>
								<line number="143" hits="30367"></line>
							</lines>
						</method>
						<method name="generateFrontendPortName" signature="" line-rate="1" branch-rate="0" complexity="0" line-count="0" line-hits="0">
							<lines>
								<line number="147" hits="373"></line>
							</lines>
						</method>
						<method name="generateListenerName" signature="" line-rate="1" branch-rate="0" complexity="0" line-count="0" line-hits="0">
							<lines>
								<line number="151" hits="794"></line>
							</lines>
						</method>
						<method name="generateURLPathMapName" signature="" line-rate="1" branch-rate="0" complexity="0" line-count="0" line-hits="0">
							<lines>
								<line number="155" hits="849"></line>
							</lines>
						</method>
						<method name="generateRequestRoutingRuleName" signature="" line-rate="1" branch-rate="0" complexity="0" line-count="0" line-hits="0">
							<lines>
								<line number="159" hits="332"></line>
							</lines>
						</method>
						<method name="generateSSLRedirectConfigurationName" signature="" line-rate="1" branch-rate="0" complexity="0" line-count="0" line-hits="0">
							<lines>
								<line number="163" hits="295"></line>
							</lines>
						</method>
						<method name="generatePathRuleName" signature="" line-rate="1" branch-rate="0" complexity="0" line-count="0" line-hits="0">
							<lines>
								<line number="167" hits="111"></line>
							</lines>
						</method>
[...]
							</lines>
						</method>
					</methods>
					<lines>
						<line number="37" hits="2"></line>
						<line number="52" hits="2"></line>
						<line number="64" hits="2"></line>
						<line number="79" hits="2"></line>
						<line number="94" hits="2"></line>
						<line number="108" hits="1"></line>
					</lines>
				</class>
				<class name="-" filename="pkg/tests/fixtures/paths.go" line-rate="1" branch-rate="0" complexity="0" line-count="8" line-hits="8">
					<methods>
						<method name="GetURLPathMap1" signature="" line-rate="1" branch-rate="0" complexity="0" line-count="0" line-hits="0">
							<lines>
								<line number="35" hits="2"></line>
							</lines>
						</method>
						<method name="GetPathRulePathBased1" signature="" line-rate="1" branch-rate="0" complexity="0" line-count="0" line-hits="0">
							<lines>
								<line number="70" hits="3"></line>
							</lines>
						</method>
						<method name="GetPathRuleBasic" signature="" line-rate="1" branch-rate="0" complexity="0" line-count="0" line-hits="0">
							<lines>
								<line number="105" hits="3"></line>
							</lines>
						</method>
						<method name="GetDefaultURLPathMap" signature="" line-rate="1" branch-rate="0" complexity="0" line-count="0" line-hits="0">
							<lines>
								<line number="136" hits="2"></line>
							</lines>
						</method>
						<method name="GetURLPathMap2" signature="" line-rate="1" branch-rate="0" complexity="0" line-count="0" line-hits="0">
							<lines>
								<line number="149" hits="2"></line>
							</lines>
						</method>
						<method name="GetPathRulePathBased2" signature="" line-rate="1" branch-rate="0" complexity="0" line-count="0" line-hits="0">
							<lines>
								<line number="183" hits="3"></line>
							</lines>
						</method>
						<method name="GetURLPathMap3" signature="" line-rate="1" branch-rate="0" complexity="0" line-count="0" line-hits="0">
							<lines>
								<line number="216" hits="1"></line>
							</lines>
						</method>
						<method name="GetPathRulePathBased3" signature="" line-rate="1" branch-rate="0" complexity="0" line-count="0" line-hits="0">
							<lines>
								<line number="250" hits="1"></line>
							</lines>
						</method>
					</methods>
					<lines>
						<line number="35" hits="2"></line>
						<line number="70" hits="3"></line>
						<line number="105" hits="3"></line>
						<line number="136" hits="2"></line>
						<line number="149" hits="2"></line>
						<line number="183" hits="3"></line>
						<line number="216" hits="1"></line>
						<line number="250" hits="1"></line>
					</lines>
				</class>
				<class name="-" filename="pkg/tests/fixtures/pools.go" line-rate="1" branch-rate="0" complexity="0" line-count="4" line-hits="4">
					<methods>
						<method name="GetDefaultBackendPool" signature="" line-rate="1" branch-rate="0" complexity="0" line-count="0" line-hits="0">
							<lines>
								<line number="38" hits="1"></line>
							</lines>
						</method>
						<method name="GetBackendPool1" signature="" line-rate="1" branch-rate="0" complexity="0" line-count="0" line-hits="0">
							<lines>
								<line number="52" hits="1"></line>
							</lines>
						</method>
						<method name="GetBackendPool2" signature="" line-rate="1" branch-rate="0" complexity="0" line-count="0" line-hits="0">
							<lines>
								<line number="66" hits="1"></line>
							</lines>
						</method>
						<method name="GetBackendPool3" signature="" line-rate="1" branch-rate="0" complexity="0" line-count="0" line-hits="0">
							<lines>
								<line number="80" hits="1"></line>
							</lines>
						</method>
					</methods>
					<lines>
						<line number="38" hits="1"></line>
						<line number="52" hits="1"></line>
						<line number="66" hits="1"></line>
						<line number="80" hits="1"></line>
					</lines>
				</class>
				<class name="-" filename="pkg/tests/fixtures/ports.go" line-rate="0.5" branch-rate="0" complexity="0" line-count="2" line-hits="1">
					<methods>
						<method name="GetDefaultPort" signature="" line-rate="1" branch-rate="0" complexity="0" line-count="0" line-hits="0">
							<lines>
								<line number="17" hits="1"></line>
							</lines>
						</method>
						<method name="GetPort" signature="" line-rate="0" branch-rate="0" complexity="0" line-count="0" line-hits="0">
							<lines>
								<line number="29" hits="0"></line>
							</lines>
						</method>
					</methods>
					<lines>
						<line number="17" hits="1"></line>
						<line number="29" hits="0"></line>
					</lines>
				</class>
			</classes>
		</package>
		<package name="github.com/Azure/application-gateway-kubernetes-ingress/pkg/utils" line-rate="0.8" branch-rate="0" complexity="0" line-count="85" line-hits="68">
			<classes>
				<class name="-" filename="pkg/utils/threadsafemultimap.go" line-rate="1" branch-rate="0" complexity="0" line-count="1" line-hits="1">
					<methods>
						<method name="NewThreadsafeMultimap" signature="" line-rate="1" branch-rate="0" complexity="0" line-count="0" line-hits="0">
							<lines>
								<line number="34" hits="1"></line>
							</lines>
						</method>
					</methods>
					<lines>
						<line number="34" hits="1"></line>
					</lines>
				</class>
				<class name="threadsafeMultiMap" filename="pkg/utils/threadsafemultimap.go" line-rate="0.74285716" branch-rate="0" complexity="0" line-count="35" line-hits="26">
					<methods>
						<method name="Insert" signature="" line-rate="1" branch-rate="0" complexity="0" line-count="0" line-hits="0">
							<lines>
								<line number="41" hits="5"></line>
								<line number="42" hits="5"></line>
								<line number="44" hits="5"></line>
								<line number="45" hits="3"></line>
								<line number="47" hits="5"></line>
							</lines>
						</method>
						<method name="Clear" signature="" line-rate="0.75" branch-rate="0" complexity="0" line-count="0" line-hits="0">
							<lines>
								<line number="52" hits="1"></line>
								<line number="53" hits="1"></line>
								<line number="55" hits="1"></line>
								<line number="56" hits="0"></line>
							</lines>
						</method>
						<method name="Erase" signature="" line-rate="1" branch-rate="0" complexity="0" line-count="0" line-hits="0">
							<lines>
								<line number="62" hits="2"></line>
								<line number="63" hits="2"></line>
								<line number="65" hits="2"></line>
								<line number="66" hits="2"></line>
								<line number="67" hits="1"></line>
								<line number="68" hits="1"></line>
								<line number="71" hits="1"></line>
							</lines>
						</method>
						<method name="EraseValue" signature="" line-rate="0" branch-rate="0" complexity="0" line-count="0" line-hits="0">
							<lines>
								<line number="76" hits="0"></line>
								<line number="77" hits="0"></line>
								<line number="79" hits="0"></line>
								<line number="80" hits="0"></line>
								<line number="81" hits="0"></line>
								<line number="82" hits="0"></line>
								<line number="83" hits="0"></line>
								<line number="87" hits="0"></line>
							</lines>
						</method>
						<method name="ContainsPair" signature="" line-rate="1" branch-rate="0" complexity="0" line-count="0" line-hits="0">
							<lines>
								<line number="92" hits="8"></line>
								<line number="93" hits="8"></line>
								<line number="95" hits="8"></line>
								<line number="96" hits="5"></line>
								<line number="99" hits="3"></line>
							</lines>
						</method>
						<method name="ContainsValue" signature="" line-rate="1" branch-rate="0" complexity="0" line-count="0" line-hits="0">
							<lines>
								<line number="104" hits="3"></line>
								<line number="105" hits="3"></line>
								<line number="107" hits="3"></line>
								<line number="108" hits="4"></line>
								<line number="109" hits="2"></line>
								<line number="113" hits="1"></line>
							</lines>
						</method>
					</methods>
					<lines>
						<line number="41" hits="5"></line>
						<line number="42" hits="5"></line>
						<line number="44" hits="5"></line>
						<line number="45" hits="3"></line>
						<line number="47" hits="5"></line>
						<line number="52" hits="1"></line>
						<line number="53" hits="1"></line>
						<line number="55" hits="1"></line>
						<line number="56" hits="0"></line>
						<line number="62" hits="2"></line>
						<line number="63" hits="2"></line>
						<line number="65" hits="2"></line>
						<line number="66" hits="2"></line>
						<line number="67" hits="1"></line>
						<line number="68" hits="1"></line>
						<line number="71" hits="1"></line>
						<line number="76" hits="0"></line>
						<line number="77" hits="0"></line>
						<line number="79" hits="0"></line>
						<line number="80" hits="0"></line>
						<line number="81" hits="0"></line>
						<line number="82" hits="0"></line>
						<line number="83" hits="0"></line>
						<line number="87" hits="0"></line>
						<line number="92" hits="8"></line>
						<line number="93" hits="8"></line>
						<line number="95" hits="8"></line>
						<line number="96" hits="5"></line>
						<line number="99" hits="3"></line>
						<line number="104" hits="3"></line>
						<line number="105" hits="3"></line>
						<line number="107" hits="3"></line>
						<line number="108" hits="4"></line>
						<line number="109" hits="2"></line>
						<line number="113" hits="1"></line>
					</lines>
				</class>
				<class name="-" filename="pkg/utils/utils.go" line-rate="0.7837838" branch-rate="0" complexity="0" line-count="37" line-hits="29">
					<methods>
						<method name="init" signature="" line-rate="1" branch-rate="0" complexity="0" line-count="0" line-hits="0">
							<lines>
								<line number="21" hits="1"></line>
							</lines>
						</method>
						<method name="GetResourceKey" signature="" line-rate="1" branch-rate="0" complexity="0" line-count="0" line-hits="0">
							<lines>
								<line number="28" hits="1"></line>
							</lines>
						</method>
						<method name="PrettyJSON" signature="" line-rate="1" branch-rate="0" complexity="0" line-count="0" line-hits="0">
							<lines>
								<line number="33" hits="1"></line>
								<line number="34" hits="1"></line>
								<line number="35" hits="1"></line>
							</lines>
						</method>
						<method name="GetLastChunkOfSlashed" signature="" line-rate="1" branch-rate="0" complexity="0" line-count="0" line-hits="0">
							<lines>
								<line number="40" hits="2"></line>
								<line number="41" hits="2"></line>
							</lines>
						</method>
						<method name="SaveToFile" signature="" line-rate="0.5" branch-rate="0" complexity="0" line-count="0" line-hits="0">
							<lines>
								<line number="46" hits="1"></line>
								<line number="47" hits="1"></line>
								<line number="48" hits="0"></line>
								<line number="49" hits="0"></line>
								<line number="51" hits="1"></line>
								<line number="52" hits="0"></line>
								<line number="53" hits="0"></line>
								<line number="55" hits="1"></line>
								<line number="56" hits="0"></line>
								<line number="57" hits="0"></line>
								<line number="59" hits="1"></line>
								<line number="60" hits="1"></line>
							</lines>
						</method>
						<method name="GetHashCode" signature="" line-rate="0.6" branch-rate="0" complexity="0" line-count="0" line-hits="0">
							<lines>
								<line number="65" hits="1"></line>
								<line number="66" hits="1"></line>
								<line number="67" hits="0"></line>
								<line number="68" hits="0"></line>
								<line number="70" hits="1"></line>
							</lines>
						</method>
						<method name="RandStringRunes" signature="" line-rate="1" branch-rate="0" complexity="0" line-count="0" line-hits="0">
							<lines>
								<line number="75" hits="2"></line>
								<line number="76" hits="2"></line>
								<line number="77" hits="10"></line>
								<line number="79" hits="2"></line>
							</lines>
						</method>
						<method name="RemoveDuplicateStrings" signature="" line-rate="1" branch-rate="0" complexity="0" line-count="0" line-hits="0">
							<lines>
								<line number="84" hits="4"></line>
								<line number="85" hits="1"></line>
								<line number="88" hits="3"></line>
								<line number="90" hits="3"></line>
								<line number="91" hits="3"></line>
								<line number="92" hits="16"></line>
								<line number="93" hits="10"></line>
								<line number="94" hits="10"></line>
								<line number="98" hits="3"></line>
							</lines>
						</method>
					</methods>
					<lines>
						<line number="21" hits="1"></line>
						<line number="28" hits="1"></line>
						<line number="33" hits="1"></line>
						<line number="34" hits="1"></line>
						<line number="35" hits="1"></line>
						<line number="40" hits="2"></line>
						<line number="41" hits="2"></line>
						<line number="46" hits="1"></line>
						<line number="47" hits="1"></line>
						<line number="48" hits="0"></line>
						<line number="49" hits="0"></line>
						<line number="51" hits="1"></line>
						<line number="52" hits="0"></line>
						<line number="53" hits="0"></line>
						<line number="55" hits="1"></line>
						<line number="56" hits="0"></line>
						<line number="57" hits="0"></line>
						<line number="59" hits="1"></line>
						<line number="60" hits="1"></line>
						<line number="65" hits="1"></line>
						<line number="66" hits="1"></line>
						<line number="67" hits="0"></line>
						<line number="68" hits="0"></line>
						<line number="70" hits="1"></line>
						<line number="75" hits="2"></line>
						<line number="76" hits="2"></line>
						<line number="77" hits="10"></line>
						<line number="79" hits="2"></line>
						<line number="84" hits="4"></line>
						<line number="85" hits="1"></line>
						<line number="88" hits="3"></line>
						<line number="90" hits="3"></line>
						<line number="91" hits="3"></line>
						<line number="92" hits="16"></line>
						<line number="93" hits="10"></line>
						<line number="94" hits="10"></line>
						<line number="98" hits="3"></line>
					</lines>
				</class>
				<class name="-" filename="pkg/utils/retry.go" line-rate="1" branch-rate="0" complexity="0" line-count="12" line-hits="12">
					<methods>
						<method name="Retry" signature="" line-rate="1" branch-rate="0" complexity="0" line-count="0" line-hits="0">
							<lines>
								<line number="20" hits="6"></line>
								<line number="21" hits="6"></line>
								<line number="22" hits="6"></line>
								<line number="23" hits="36"></line>
								<line number="24" hits="36"></line>
								<line number="25" hits="4"></line>
								<line number="28" hits="32"></line>
								<line number="29" hits="32"></line>
								<line number="30" hits="2"></line>
								<line number="33" hits="30"></line>
								<line number="34" hits="30"></line>
								<line number="36" hits="6"></line>
							</lines>
						</method>
					</methods>
					<lines>
						<line number="20" hits="6"></line>
						<line number="21" hits="6"></line>
						<line number="22" hits="6"></line>
						<line number="23" hits="36"></line>
						<line number="24" hits="36"></line>
						<line number="25" hits="4"></line>
						<line number="28" hits="32"></line>
						<line number="29" hits="32"></line>
						<line number="30" hits="2"></line>
						<line number="33" hits="30"></line>
						<line number="34" hits="30"></line>
						<line number="36" hits="6"></line>
					</lines>
				</class>
			</classes>
		</package>
		<package name="github.com/Azure/application-gateway-kubernetes-ingress/pkg/worker" line-rate="0.7241379" branch-rate="0" complexity="0" line-count="29" line-hits="21">
			<classes>
				<class name="FakeEventProcessor" filename="pkg/worker/fake.go" line-rate="1" branch-rate="0" complexity="0" line-count="2" line-hits="2">
					<methods>
						<method name="ProcessEvent" signature="" line-rate="1" branch-rate="0" complexity="0" line-count="0" line-hits="0">
							<lines>
								<line number="19" hits="1"></line>
							</lines>
						</method>
						<method name="ShouldProcess" signature="" line-rate="1" branch-rate="0" complexity="0" line-count="0" line-hits="0">
							<lines>
								<line number="24" hits="1"></line>
							</lines>
						</method>
					</methods>
					<lines>
						<line number="19" hits="1"></line>
						<line number="24" hits="1"></line>
					</lines>
				</class>
				<class name="-" filename="pkg/worker/fake.go" line-rate="1" branch-rate="0" complexity="0" line-count="1" line-hits="1">
					<methods>
						<method name="NewFakeProcessor" signature="" line-rate="1" branch-rate="0" complexity="0" line-count="0" line-hits="0">
							<lines>
								<line number="29" hits="1"></line>
							</lines>
						</method>
					</methods>
					<lines>
						<line number="29" hits="1"></line>
					</lines>
				</class>
				<class name="Worker" filename="pkg/worker/worker.go" line-rate="0.57894737" branch-rate="0" complexity="0" line-count="19" line-hits="11">
					<methods>
						<method name="Run" signature="" line-rate="0.57894737" branch-rate="0" complexity="0" line-count="0" line-hits="0">
							<lines>
								<line number="38" hits="1"></line>
								<line number="39" hits="1"></line>
								<line number="40" hits="1"></line>
								<line number="41" hits="5295"></line>
								<line number="43" hits="1"></line>
								<line number="44" hits="0"></line>
								<line number="47" hits="0"></line>
								<line number="49" hits="0"></line>
								<line number="52" hits="1"></line>
								<line number="53" hits="1"></line>
								<line number="54" hits="0"></line>
								<line number="55" hits="0"></line>
								<line number="56" hits="0"></line>
								<line number="59" hits="1"></line>
								<line number="61" hits="1"></line>
								<line number="62" hits="0"></line>
								<line number="63" hits="0"></line>
								<line number="66" hits="1"></line>
								<line number="68" hits="5463"></line>
							</lines>
						</method>
					</methods>
					<lines>
						<line number="38" hits="1"></line>
						<line number="39" hits="1"></line>
						<line number="40" hits="1"></line>
						<line number="41" hits="5295"></line>
						<line number="43" hits="1"></line>
						<line number="44" hits="0"></line>
						<line number="47" hits="0"></line>
						<line number="49" hits="0"></line>
						<line number="52" hits="1"></line>
						<line number="53" hits="1"></line>
						<line number="54" hits="0"></line>
						<line number="55" hits="0"></line>
						<line number="56" hits="0"></line>
						<line number="59" hits="1"></line>
						<line number="61" hits="1"></line>
						<line number="62" hits="0"></line>
						<line number="63" hits="0"></line>
						<line number="66" hits="1"></line>
						<line number="68" hits="5463"></line>
					</lines>
				</class>
				<class name="-" filename="pkg/worker/worker.go" line-rate="1" branch-rate="0" complexity="0" line-count="7" line-hits="7">
					<methods>
						<method name="drainChan" signature="" line-rate="1" branch-rate="0" complexity="0" line-count="0" line-hits="0">
							<lines>
								<line number="20" hits="3"></line>
								<line number="21" hits="3"></line>
								<line number="22" hits="3"></line>
								<line number="23" hits="13"></line>
								<line number="27" hits="10"></line>
								<line number="28" hits="10"></line>
								<line number="31" hits="3"></line>
							</lines>
						</method>
					</methods>
					<lines>
						<line number="20" hits="3"></line>
						<line number="21" hits="3"></line>
						<line number="22" hits="3"></line>
						<line number="23" hits="13"></line>
						<line number="27" hits="10"></line>
						<line number="28" hits="10"></line>
						<line number="31" hits="3"></line>
					</lines>
				</class>
			</classes>
		</package>
	</packages>
	<sources>
		<source>/home/malpani/source/repos/application-gateway-kubernetes-ingress</source>
	</sources>
</coverage>
